Using pre-set license
Built from '2021.2/staging' branch; Version is '2021.2.3f1 (32358a8527b4) revision 3290506'; Using compiler version '192829333'; Build Type 'Release'
OS: 'Windows 10 Pro; OS build 19042.1348; Version 2009; 64bit' Language: 'en' Physical Memory: 16327 MB
BatchMode: 1, IsHumanControllingUs: 0, StartBugReporterOnCrash: 0, Is64bit: 1, IsPro: 0

COMMAND LINE ARGUMENTS:
D:\Unity\Editor\Unity.exe
-adb2
-batchMode
-noUpm
-name
AssetImportWorker0
-projectPath
D:/GitHub/ClickerMobileGame
-logFile
Logs/AssetImportWorker0.log
-srvPort
57038
Successfully changed project path to: D:/GitHub/ClickerMobileGame
D:/GitHub/ClickerMobileGame
[UnityMemory] Configuration Parameters - Can be set up in boot.config
    "memorysetup-bucket-allocator-granularity=16"
    "memorysetup-bucket-allocator-bucket-count=8"
    "memorysetup-bucket-allocator-block-size=33554432"
    "memorysetup-bucket-allocator-block-count=8"
    "memorysetup-main-allocator-block-size=16777216"
    "memorysetup-thread-allocator-block-size=16777216"
    "memorysetup-gfx-main-allocator-block-size=16777216"
    "memorysetup-gfx-thread-allocator-block-size=16777216"
    "memorysetup-cache-allocator-block-size=4194304"
    "memorysetup-typetree-allocator-block-size=2097152"
    "memorysetup-profiler-bucket-allocator-granularity=16"
    "memorysetup-profiler-bucket-allocator-bucket-count=8"
    "memorysetup-profiler-bucket-allocator-block-size=33554432"
    "memorysetup-profiler-bucket-allocator-block-count=8"
    "memorysetup-profiler-allocator-block-size=16777216"
    "memorysetup-profiler-editor-allocator-block-size=1048576"
    "memorysetup-temp-allocator-size-main=16777216"
    "memorysetup-job-temp-allocator-block-size=2097152"
    "memorysetup-job-temp-allocator-block-size-background=1048576"
    "memorysetup-job-temp-allocator-reduction-small-platforms=262144"
    "memorysetup-temp-allocator-size-background-worker=32768"
    "memorysetup-temp-allocator-size-job-worker=262144"
    "memorysetup-temp-allocator-size-preload-manager=33554432"
    "memorysetup-temp-allocator-size-nav-mesh-worker=65536"
    "memorysetup-temp-allocator-size-audio-worker=65536"
    "memorysetup-temp-allocator-size-cloud-worker=32768"
    "memorysetup-temp-allocator-size-gi-baking-worker=262144"
    "memorysetup-temp-allocator-size-gfx=262144"
Refreshing native plugins compatible for Editor in 73.69 ms, found 3 plugins.
Preloading 0 native plugins for Editor in 0.00 ms.
Initialize engine version: 2021.2.3f1 (32358a8527b4)
[Subsystems] Discovering subsystems at path D:/Unity/Editor/Data/Resources/UnitySubsystems
[Subsystems] Discovering subsystems at path D:/GitHub/ClickerMobileGame/Assets
GfxDevice: creating device client; threaded=0; jobified=0
Direct3D:
    Version:  Direct3D 11.0 [level 11.1]
    Renderer: NVIDIA GeForce GTX 1060 3GB (ID=0x1c02)
    Vendor:   NVIDIA
    VRAM:     2988 MB
    Driver:   27.21.14.5671
Initialize mono
Mono path[0] = 'D:/Unity/Editor/Data/Managed'
Mono path[1] = 'D:/Unity/Editor/Data/MonoBleedingEdge/lib/mono/unityjit-win32'
Mono config path = 'D:/Unity/Editor/Data/MonoBleedingEdge/etc'
Using monoOptions --debugger-agent=transport=dt_socket,embedding=1,server=y,suspend=n,address=127.0.0.1:56256
Begin MonoManager ReloadAssembly
Registering precompiled unity dll's ...
Register platform support module: D:/Unity/Editor/Data/PlaybackEngines/WindowsStandaloneSupport/UnityEditor.WindowsStandalone.Extensions.dll
Registered in 0.006632 seconds.
Native extension for WindowsStandalone target not found
Refreshing native plugins compatible for Editor in 74.47 ms, found 3 plugins.
Preloading 0 native plugins for Editor in 0.00 ms.
Mono: successfully reloaded assembly
- Completed reload, in  1.171 seconds
Domain Reload Profiling:
	ReloadAssembly (1172ms)
		BeginReloadAssembly (194ms)
			ExecutionOrderSort (0ms)
			DisableScriptedObjects (0ms)
			BackupInstance (0ms)
			ReleaseScriptingObjects (0ms)
			CreateAndSetChildDomain (1ms)
		EndReloadAssembly (819ms)
			LoadAssemblies (193ms)
			RebuildTransferFunctionScriptingTraits (0ms)
			SetupTypeCache (204ms)
			ReleaseScriptCaches (0ms)
			RebuildScriptCaches (53ms)
			SetupLoadedEditorAssemblies (467ms)
				LogAssemblyErrors (0ms)
				InitializePlatformSupportModulesInManaged (24ms)
				SetLoadedEditorAssemblies (0ms)
				RefreshPlugins (75ms)
				BeforeProcessingInitializeOnLoad (2ms)
				ProcessInitializeOnLoadAttributes (282ms)
				ProcessInitializeOnLoadMethodAttributes (84ms)
				AfterProcessingInitializeOnLoad (0ms)
				EditorAssembliesLoaded (0ms)
			ExecutionOrderSort2 (0ms)
			AwakeInstancesAfterBackupRestoration (0ms)
Platform modules already initialized, skipping
Registering precompiled user dll's ...
Registered in 0.015188 seconds.
Begin MonoManager ReloadAssembly
Native extension for WindowsStandalone target not found
Refreshing native plugins compatible for Editor in 66.32 ms, found 3 plugins.
Preloading 0 native plugins for Editor in 0.00 ms.
Mono: successfully reloaded assembly
- Completed reload, in  2.722 seconds
Domain Reload Profiling:
	ReloadAssembly (2724ms)
		BeginReloadAssembly (388ms)
			ExecutionOrderSort (0ms)
			DisableScriptedObjects (12ms)
			BackupInstance (0ms)
			ReleaseScriptingObjects (0ms)
			CreateAndSetChildDomain (39ms)
		EndReloadAssembly (2148ms)
			LoadAssemblies (211ms)
			RebuildTransferFunctionScriptingTraits (0ms)
			SetupTypeCache (413ms)
			ReleaseScriptCaches (1ms)
			RebuildScriptCaches (89ms)
			SetupLoadedEditorAssemblies (1286ms)
				LogAssemblyErrors (0ms)
				InitializePlatformSupportModulesInManaged (18ms)
				SetLoadedEditorAssemblies (0ms)
				RefreshPlugins (66ms)
				BeforeProcessingInitializeOnLoad (127ms)
				ProcessInitializeOnLoadAttributes (985ms)
				ProcessInitializeOnLoadMethodAttributes (82ms)
				AfterProcessingInitializeOnLoad (8ms)
				EditorAssembliesLoaded (0ms)
			ExecutionOrderSort2 (0ms)
			AwakeInstancesAfterBackupRestoration (13ms)
Platform modules already initialized, skipping
========================================================================
Worker process is ready to serve import requests
Launched and connected shader compiler UnityShaderCompiler.exe after 0.14 seconds
Refreshing native plugins compatible for Editor in 1.05 ms, found 3 plugins.
Preloading 0 native plugins for Editor in 0.00 ms.
Unloading 2328 Unused Serialized files (Serialized files now loaded: 0)
Unloading 33 unused Assets / (55.8 KB). Loaded Objects now: 2788.
Memory consumption went from 108.1 MB to 108.1 MB.
Total: 5.770500 ms (FindLiveObjects: 0.406900 ms CreateObjectMapping: 0.314100 ms MarkObjects: 4.957400 ms  DeleteObjects: 0.090700 ms)

AssetImportParameters requested are different than current active one (requested -> active):
  custom:video-decoder-ogg-theora: a1e56fd34408186e4bbccfd4996cb3dc -> 
  custom:container-muxer-webm: aa71ff27fc2769a1b78a27578f13a17b -> 
  custom:container-demuxer-webm: 4f35f7cbe854078d1ac9338744f61a02 -> 
  custom:video-encoder-webm-vp8: eb34c28f22e8b96e1ab97ce403110664 -> 
  custom:video-codec-MediaFoundation-h265: 746d11721c4dcdbdad8f713fa42b33f4 -> 
  custom:audio-encoder-webm-vorbis: bf7c407c2cedff20999df2af8eb42d56 -> 
  custom:framework-win-MediaFoundation: 216162199b28c13a410421893ffa2e32 -> 
  custom:container-demuxer-ogg: 62fdf1f143b41e24485cea50d1cbac27 -> 
  custom:video-decoder-webm-vp8: 9c59270c3fd7afecdb556c50c9e8de78 -> 
  custom:audio-decoder-ogg-vorbis: bf7c407c2cedff20999df2af8eb42d56 -> 
========================================================================
Received Import Request.
  Time since last request: 4935.663245 seconds.
  path: Assets/Sprites/coal.png
  artifactKey: Guid(f3b99abe815ec7c42881fd0c97dd3325) Importer(815301076,1909f56bfc062723c751e8b465ee728b)
Start importing Assets/Sprites/coal.png using Guid(f3b99abe815ec7c42881fd0c97dd3325) Importer(815301076,1909f56bfc062723c751e8b465ee728b)  -> (artifact id: 'd42e8548221a6996d4b83576b4091446') in 0.192091 seconds 
========================================================================
Received Import Request.
  Time since last request: 0.000027 seconds.
  path: Assets/Sprites/icon245.png
  artifactKey: Guid(c935cf631c001344ab8ad2ef43cabecb) Importer(815301076,1909f56bfc062723c751e8b465ee728b)
Start importing Assets/Sprites/icon245.png using Guid(c935cf631c001344ab8ad2ef43cabecb) Importer(815301076,1909f56bfc062723c751e8b465ee728b)  -> (artifact id: '7436bd191ffa3f919a4d0b221de8eae4') in 0.018042 seconds 
========================================================================
Received Import Request.
  Time since last request: 0.000026 seconds.
  path: Assets/Sprites/icon235.png
  artifactKey: Guid(84c5b26d6b39b8c4fa343c6cd49bf411) Importer(815301076,1909f56bfc062723c751e8b465ee728b)
Start importing Assets/Sprites/icon235.png using Guid(84c5b26d6b39b8c4fa343c6cd49bf411) Importer(815301076,1909f56bfc062723c751e8b465ee728b)  -> (artifact id: '1d085db122aec24991470245664abdb1') in 0.019500 seconds 
========================================================================
Received Import Request.
  Time since last request: 0.000032 seconds.
  path: Assets/Sprites/icon249.png
  artifactKey: Guid(aefc8ea5c353a334e8c1930c87c43f68) Importer(815301076,1909f56bfc062723c751e8b465ee728b)
Start importing Assets/Sprites/icon249.png using Guid(aefc8ea5c353a334e8c1930c87c43f68) Importer(815301076,1909f56bfc062723c751e8b465ee728b)  -> (artifact id: 'fa1e22088791af1622657a5b825640fb') in 0.018001 seconds 
========================================================================
Received Import Request.
  Time since last request: 0.000026 seconds.
  path: Assets/Sprites/Furnace_(E)_JE3.png
  artifactKey: Guid(a69cc98e637a51e4db123e20ff81c15c) Importer(815301076,1909f56bfc062723c751e8b465ee728b)
Start importing Assets/Sprites/Furnace_(E)_JE3.png using Guid(a69cc98e637a51e4db123e20ff81c15c) Importer(815301076,1909f56bfc062723c751e8b465ee728b)  -> (artifact id: '63437c8a25f27c0428b7df197493b5bf') in 0.039554 seconds 
========================================================================
Received Import Request.
  Time since last request: 0.000023 seconds.
  path: Assets/Sprites/Crafting.png
  artifactKey: Guid(ac81d504dba87414f894d2942a4b8a11) Importer(815301076,1909f56bfc062723c751e8b465ee728b)
Start importing Assets/Sprites/Crafting.png using Guid(ac81d504dba87414f894d2942a4b8a11) Importer(815301076,1909f56bfc062723c751e8b465ee728b)  -> (artifact id: '5825e9dad41320e2196ce9d9a6d42864') in 0.033119 seconds 
========================================================================
Received Import Request.
  Time since last request: 0.000028 seconds.
  path: Assets/Sprites/Frame.png
  artifactKey: Guid(5597c4a392b2d9744b4d862a0d88b77a) Importer(815301076,1909f56bfc062723c751e8b465ee728b)
Start importing Assets/Sprites/Frame.png using Guid(5597c4a392b2d9744b4d862a0d88b77a) Importer(815301076,1909f56bfc062723c751e8b465ee728b)  -> (artifact id: 'fdf927901d33a3c49b74499b18b93069') in 0.028355 seconds 
========================================================================
Received Import Request.
  Time since last request: 0.000025 seconds.
  path: Assets/Sprites/icon3.png
  artifactKey: Guid(e7e10252365abba4390d20264cf82136) Importer(815301076,1909f56bfc062723c751e8b465ee728b)
Start importing Assets/Sprites/icon3.png using Guid(e7e10252365abba4390d20264cf82136) Importer(815301076,1909f56bfc062723c751e8b465ee728b)  -> (artifact id: 'a02f9e28109179e17e4e7f7e6c225179') in 0.026981 seconds 
========================================================================
Received Import Request.
  Time since last request: 0.000035 seconds.
  path: Assets/Sprites/icon243.png
  artifactKey: Guid(df96b6d334a7ace4580662cc583b5e68) Importer(815301076,1909f56bfc062723c751e8b465ee728b)
Start importing Assets/Sprites/icon243.png using Guid(df96b6d334a7ace4580662cc583b5e68) Importer(815301076,1909f56bfc062723c751e8b465ee728b)  -> (artifact id: '53c01b0b8640eb766bd9ed7b7782f743') in 0.021391 seconds 
========================================================================
Received Import Request.
  Time since last request: 0.000048 seconds.
  path: Assets/Sprites/Leaf-PNG-8.png
  artifactKey: Guid(9299a47cfa425fa46be8754299a3c526) Importer(815301076,1909f56bfc062723c751e8b465ee728b)
Start importing Assets/Sprites/Leaf-PNG-8.png using Guid(9299a47cfa425fa46be8754299a3c526) Importer(815301076,1909f56bfc062723c751e8b465ee728b)  -> (artifact id: '9c64de96ada361b5caf7307388225d01') in 0.224506 seconds 
========================================================================
Received Import Request.
  Time since last request: 0.000032 seconds.
  path: Assets/Sprites/CraftingTableOld.png
  artifactKey: Guid(d95f1aff9bbad9c4d8adcec44247953a) Importer(815301076,1909f56bfc062723c751e8b465ee728b)
Start importing Assets/Sprites/CraftingTableOld.png using Guid(d95f1aff9bbad9c4d8adcec44247953a) Importer(815301076,1909f56bfc062723c751e8b465ee728b)  -> (artifact id: 'ccd42dd9258a533e5f5f03695a421189') in 0.036613 seconds 
========================================================================
Received Import Request.
  Time since last request: 0.000048 seconds.
  path: Assets/Sprites/Tree.png
  artifactKey: Guid(7265eb587b8acdb4f82315250df1fe7b) Importer(815301076,1909f56bfc062723c751e8b465ee728b)
Start importing Assets/Sprites/Tree.png using Guid(7265eb587b8acdb4f82315250df1fe7b) Importer(815301076,1909f56bfc062723c751e8b465ee728b)  -> (artifact id: 'f8dfe22dd107dae5d0682444cf7f95fb') in 0.086015 seconds 
========================================================================
Received Import Request.
  Time since last request: 0.000039 seconds.
  path: Assets/Sprites/icon206.png
  artifactKey: Guid(5caf72362bb9edd4c9887e536c610e5e) Importer(815301076,1909f56bfc062723c751e8b465ee728b)
Start importing Assets/Sprites/icon206.png using Guid(5caf72362bb9edd4c9887e536c610e5e) Importer(815301076,1909f56bfc062723c751e8b465ee728b)  -> (artifact id: '413fca8e6f5690e8db1503d385da22bd') in 0.019106 seconds 
========================================================================
Received Import Request.
  Time since last request: 0.000038 seconds.
  path: Assets/Sprites/Stone.png
  artifactKey: Guid(fa1009005b79dc34fbbbae1c5e9a1710) Importer(815301076,1909f56bfc062723c751e8b465ee728b)
Start importing Assets/Sprites/Stone.png using Guid(fa1009005b79dc34fbbbae1c5e9a1710) Importer(815301076,1909f56bfc062723c751e8b465ee728b)  -> (artifact id: '8611ac617bf3485e846c190e6352a5fa') in 0.028651 seconds 
========================================================================
Received Import Request.
  Time since last request: 0.000029 seconds.
  path: Assets/Sprites/stoneAxe.png
  artifactKey: Guid(87ad4a2c5f47fdd4b814875db83a5918) Importer(815301076,1909f56bfc062723c751e8b465ee728b)
Start importing Assets/Sprites/stoneAxe.png using Guid(87ad4a2c5f47fdd4b814875db83a5918) Importer(815301076,1909f56bfc062723c751e8b465ee728b)  -> (artifact id: '42de0b9e7086f50b5ab795f994bc1aa0') in 0.022827 seconds 
========================================================================
Received Import Request.
  Time since last request: 2.301193 seconds.
  path: Assets/Sprites/BackGrounds
  artifactKey: Guid(94183039f19f73d4d9afb2c453f869ba) Importer(815301076,1909f56bfc062723c751e8b465ee728b)
Start importing Assets/Sprites/BackGrounds using Guid(94183039f19f73d4d9afb2c453f869ba) Importer(815301076,1909f56bfc062723c751e8b465ee728b)  -> (artifact id: 'a31615023d5e1d8fbcd464160ce6f3cb') in 0.007147 seconds 
========================================================================
Received Import Request.
  Time since last request: 0.042558 seconds.
  path: Assets/Sprites/BackGrounds/Blue.png
  artifactKey: Guid(333ba171d15e6794daad2b79fba6f8a8) Importer(815301076,1909f56bfc062723c751e8b465ee728b)
Start importing Assets/Sprites/BackGrounds/Blue.png using Guid(333ba171d15e6794daad2b79fba6f8a8) Importer(815301076,1909f56bfc062723c751e8b465ee728b)  -> (artifact id: 'f77d4e3c7ecaa8f52bba463c41209229') in 0.021437 seconds 
========================================================================
Received Import Request.
  Time since last request: 0.000028 seconds.
  path: Assets/Sprites/BackGrounds/Pink.png
  artifactKey: Guid(4edaaeb5a50982045a28dc90826b9adf) Importer(815301076,1909f56bfc062723c751e8b465ee728b)
Start importing Assets/Sprites/BackGrounds/Pink.png using Guid(4edaaeb5a50982045a28dc90826b9adf) Importer(815301076,1909f56bfc062723c751e8b465ee728b)  -> (artifact id: '40f07df427dd2d68e949f41e387d12f0') in 0.024605 seconds 
========================================================================
Received Import Request.
  Time since last request: 380.170992 seconds.
  path: Assets/Scripts
  artifactKey: Guid(638178fb3a1424a4bb89424cf093e4bf) Importer(815301076,1909f56bfc062723c751e8b465ee728b)
Start importing Assets/Scripts using Guid(638178fb3a1424a4bb89424cf093e4bf) Importer(815301076,1909f56bfc062723c751e8b465ee728b)  -> (artifact id: '68ac3a0a8f99ffbb73e316e3c966f19e') in 0.008480 seconds 
========================================================================
Received Import Request.
  Time since last request: 2.586838 seconds.
  path: Assets/Scripts/Inventory System
  artifactKey: Guid(44cc87e5e55d0914a923584b2d5f6c93) Importer(815301076,1909f56bfc062723c751e8b465ee728b)
Start importing Assets/Scripts/Inventory System using Guid(44cc87e5e55d0914a923584b2d5f6c93) Importer(815301076,1909f56bfc062723c751e8b465ee728b)  -> (artifact id: '4456e7adc89cb6dde040a0069a8eeebe') in 0.020543 seconds 
========================================================================
Received Import Request.
  Time since last request: 7.748700 seconds.
  path: Assets/Scripts/Inventory System/UI_Inventory.cs
  artifactKey: Guid(7488c4098f46fc748bf92134ee4db800) Importer(815301076,1909f56bfc062723c751e8b465ee728b)
Start importing Assets/Scripts/Inventory System/UI_Inventory.cs using Guid(7488c4098f46fc748bf92134ee4db800) Importer(815301076,1909f56bfc062723c751e8b465ee728b)  -> (artifact id: '2a851e731dbcb6d0fb606c0ec32672a4') in 0.028563 seconds 
========================================================================
Received Prepare
Registering precompiled user dll's ...
Registered in 0.009101 seconds.
Begin MonoManager ReloadAssembly
Native extension for WindowsStandalone target not found
Refreshing native plugins compatible for Editor in 1.00 ms, found 3 plugins.
Preloading 0 native plugins for Editor in 0.00 ms.
Mono: successfully reloaded assembly
- Completed reload, in  1.538 seconds
Domain Reload Profiling:
	ReloadAssembly (1539ms)
		BeginReloadAssembly (186ms)
			ExecutionOrderSort (0ms)
			DisableScriptedObjects (8ms)
			BackupInstance (0ms)
			ReleaseScriptingObjects (0ms)
			CreateAndSetChildDomain (45ms)
		EndReloadAssembly (1233ms)
			LoadAssemblies (144ms)
			RebuildTransferFunctionScriptingTraits (0ms)
			SetupTypeCache (312ms)
			ReleaseScriptCaches (1ms)
			RebuildScriptCaches (63ms)
			SetupLoadedEditorAssemblies (537ms)
				LogAssemblyErrors (0ms)
				InitializePlatformSupportModulesInManaged (21ms)
				SetLoadedEditorAssemblies (1ms)
				RefreshPlugins (1ms)
				BeforeProcessingInitializeOnLoad (86ms)
				ProcessInitializeOnLoadAttributes (385ms)
				ProcessInitializeOnLoadMethodAttributes (39ms)
				AfterProcessingInitializeOnLoad (5ms)
				EditorAssembliesLoaded (0ms)
			ExecutionOrderSort2 (0ms)
			AwakeInstancesAfterBackupRestoration (20ms)
Platform modules already initialized, skipping
Switching build target platform(19) subTarget(0) extendedPlatform(0) -> platform(13) subTarget(0) extendedPlatform(0)
Refreshing native plugins compatible for Editor in 0.72 ms, found 3 plugins.
Preloading 0 native plugins for Editor in 0.00 ms.
Unloading 2337 Unused Serialized files (Serialized files now loaded: 0)
Unloading 22 unused Assets / (24.6 KB). Loaded Objects now: 3066.
Memory consumption went from 125.1 MB to 125.0 MB.
Total: 3.742200 ms (FindLiveObjects: 0.263000 ms CreateObjectMapping: 0.226700 ms MarkObjects: 3.221300 ms  DeleteObjects: 0.030400 ms)

AssetImportParameters requested are different than current active one (requested -> active):
  custom:video-decoder-ogg-theora: a1e56fd34408186e4bbccfd4996cb3dc -> 
  custom:container-muxer-webm: aa71ff27fc2769a1b78a27578f13a17b -> 
  custom:container-demuxer-webm: 4f35f7cbe854078d1ac9338744f61a02 -> 
  custom:video-encoder-webm-vp8: eb34c28f22e8b96e1ab97ce403110664 -> 
  custom:video-codec-MediaFoundation-h265: 746d11721c4dcdbdad8f713fa42b33f4 -> 
  custom:audio-encoder-webm-vorbis: bf7c407c2cedff20999df2af8eb42d56 -> 
  custom:framework-win-MediaFoundation: 216162199b28c13a410421893ffa2e32 -> 
  custom:container-demuxer-ogg: 62fdf1f143b41e24485cea50d1cbac27 -> 
  custom:video-decoder-webm-vp8: 9c59270c3fd7afecdb556c50c9e8de78 -> 
  custom:audio-decoder-ogg-vorbis: bf7c407c2cedff20999df2af8eb42d56 -> 
========================================================================
Received Prepare
Registering precompiled user dll's ...
Registered in 0.010249 seconds.
Begin MonoManager ReloadAssembly
Native extension for WindowsStandalone target not found
Refreshing native plugins compatible for Editor in 0.82 ms, found 3 plugins.
Preloading 0 native plugins for Editor in 0.00 ms.
Mono: successfully reloaded assembly
- Completed reload, in  1.702 seconds
Domain Reload Profiling:
	ReloadAssembly (1703ms)
		BeginReloadAssembly (194ms)
			ExecutionOrderSort (0ms)
			DisableScriptedObjects (14ms)
			BackupInstance (0ms)
			ReleaseScriptingObjects (0ms)
			CreateAndSetChildDomain (40ms)
		EndReloadAssembly (1380ms)
			LoadAssemblies (159ms)
			RebuildTransferFunctionScriptingTraits (0ms)
			SetupTypeCache (276ms)
			ReleaseScriptCaches (2ms)
			RebuildScriptCaches (68ms)
			SetupLoadedEditorAssemblies (660ms)
				LogAssemblyErrors (0ms)
				InitializePlatformSupportModulesInManaged (17ms)
				SetLoadedEditorAssemblies (1ms)
				RefreshPlugins (1ms)
				BeforeProcessingInitializeOnLoad (77ms)
				ProcessInitializeOnLoadAttributes (510ms)
				ProcessInitializeOnLoadMethodAttributes (48ms)
				AfterProcessingInitializeOnLoad (6ms)
				EditorAssembliesLoaded (0ms)
			ExecutionOrderSort2 (0ms)
			AwakeInstancesAfterBackupRestoration (24ms)
Platform modules already initialized, skipping
Switching build target platform(19) subTarget(0) extendedPlatform(0) -> platform(13) subTarget(0) extendedPlatform(0)
Refreshing native plugins compatible for Editor in 0.89 ms, found 3 plugins.
Preloading 0 native plugins for Editor in 0.00 ms.
Unloading 2320 Unused Serialized files (Serialized files now loaded: 0)
Unloading 22 unused Assets / (24.6 KB). Loaded Objects now: 3068.
Memory consumption went from 124.3 MB to 124.3 MB.
Total: 3.983000 ms (FindLiveObjects: 0.272000 ms CreateObjectMapping: 0.113000 ms MarkObjects: 3.556800 ms  DeleteObjects: 0.039900 ms)

AssetImportParameters requested are different than current active one (requested -> active):
  custom:video-decoder-ogg-theora: a1e56fd34408186e4bbccfd4996cb3dc -> 
  custom:container-muxer-webm: aa71ff27fc2769a1b78a27578f13a17b -> 
  custom:container-demuxer-webm: 4f35f7cbe854078d1ac9338744f61a02 -> 
  custom:video-encoder-webm-vp8: eb34c28f22e8b96e1ab97ce403110664 -> 
  custom:video-codec-MediaFoundation-h265: 746d11721c4dcdbdad8f713fa42b33f4 -> 
  custom:audio-encoder-webm-vorbis: bf7c407c2cedff20999df2af8eb42d56 -> 
  custom:framework-win-MediaFoundation: 216162199b28c13a410421893ffa2e32 -> 
  custom:container-demuxer-ogg: 62fdf1f143b41e24485cea50d1cbac27 -> 
  custom:video-decoder-webm-vp8: 9c59270c3fd7afecdb556c50c9e8de78 -> 
  custom:audio-decoder-ogg-vorbis: bf7c407c2cedff20999df2af8eb42d56 -> 
========================================================================
Received Prepare
Registering precompiled user dll's ...
Registered in 0.009237 seconds.
Begin MonoManager ReloadAssembly
Native extension for WindowsStandalone target not found
Refreshing native plugins compatible for Editor in 0.52 ms, found 3 plugins.
Preloading 0 native plugins for Editor in 0.00 ms.
Mono: successfully reloaded assembly
- Completed reload, in  1.437 seconds
Domain Reload Profiling:
	ReloadAssembly (1437ms)
		BeginReloadAssembly (202ms)
			ExecutionOrderSort (0ms)
			DisableScriptedObjects (15ms)
			BackupInstance (0ms)
			ReleaseScriptingObjects (0ms)
			CreateAndSetChildDomain (48ms)
		EndReloadAssembly (1116ms)
			LoadAssemblies (147ms)
			RebuildTransferFunctionScriptingTraits (0ms)
			SetupTypeCache (274ms)
			ReleaseScriptCaches (1ms)
			RebuildScriptCaches (52ms)
			SetupLoadedEditorAssemblies (508ms)
				LogAssemblyErrors (0ms)
				InitializePlatformSupportModulesInManaged (12ms)
				SetLoadedEditorAssemblies (0ms)
				RefreshPlugins (1ms)
				BeforeProcessingInitializeOnLoad (68ms)
				ProcessInitializeOnLoadAttributes (376ms)
				ProcessInitializeOnLoadMethodAttributes (46ms)
				AfterProcessingInitializeOnLoad (5ms)
				EditorAssembliesLoaded (0ms)
			ExecutionOrderSort2 (0ms)
			AwakeInstancesAfterBackupRestoration (22ms)
Platform modules already initialized, skipping
Switching build target platform(19) subTarget(0) extendedPlatform(0) -> platform(13) subTarget(0) extendedPlatform(0)
Refreshing native plugins compatible for Editor in 1.13 ms, found 3 plugins.
Preloading 0 native plugins for Editor in 0.00 ms.
Unloading 2320 Unused Serialized files (Serialized files now loaded: 0)
Unloading 22 unused Assets / (24.7 KB). Loaded Objects now: 3070.
Memory consumption went from 124.4 MB to 124.4 MB.
Total: 5.359500 ms (FindLiveObjects: 0.270000 ms CreateObjectMapping: 0.219400 ms MarkObjects: 4.838000 ms  DeleteObjects: 0.030700 ms)

AssetImportParameters requested are different than current active one (requested -> active):
  custom:video-decoder-ogg-theora: a1e56fd34408186e4bbccfd4996cb3dc -> 
  custom:container-muxer-webm: aa71ff27fc2769a1b78a27578f13a17b -> 
  custom:container-demuxer-webm: 4f35f7cbe854078d1ac9338744f61a02 -> 
  custom:video-encoder-webm-vp8: eb34c28f22e8b96e1ab97ce403110664 -> 
  custom:video-codec-MediaFoundation-h265: 746d11721c4dcdbdad8f713fa42b33f4 -> 
  custom:audio-encoder-webm-vorbis: bf7c407c2cedff20999df2af8eb42d56 -> 
  custom:framework-win-MediaFoundation: 216162199b28c13a410421893ffa2e32 -> 
  custom:container-demuxer-ogg: 62fdf1f143b41e24485cea50d1cbac27 -> 
  custom:video-decoder-webm-vp8: 9c59270c3fd7afecdb556c50c9e8de78 -> 
  custom:audio-decoder-ogg-vorbis: bf7c407c2cedff20999df2af8eb42d56 -> 
========================================================================
Received Prepare
Registering precompiled user dll's ...
Registered in 0.012233 seconds.
Begin MonoManager ReloadAssembly
Native extension for WindowsStandalone target not found
Refreshing native plugins compatible for Editor in 0.92 ms, found 3 plugins.
Preloading 0 native plugins for Editor in 0.00 ms.
Mono: successfully reloaded assembly
- Completed reload, in  1.579 seconds
Domain Reload Profiling:
	ReloadAssembly (1580ms)
		BeginReloadAssembly (209ms)
			ExecutionOrderSort (0ms)
			DisableScriptedObjects (11ms)
			BackupInstance (0ms)
			ReleaseScriptingObjects (0ms)
			CreateAndSetChildDomain (45ms)
		EndReloadAssembly (1251ms)
			LoadAssemblies (165ms)
			RebuildTransferFunctionScriptingTraits (0ms)
			SetupTypeCache (250ms)
			ReleaseScriptCaches (2ms)
			RebuildScriptCaches (63ms)
			SetupLoadedEditorAssemblies (611ms)
				LogAssemblyErrors (0ms)
				InitializePlatformSupportModulesInManaged (18ms)
				SetLoadedEditorAssemblies (1ms)
				RefreshPlugins (1ms)
				BeforeProcessingInitializeOnLoad (74ms)
				ProcessInitializeOnLoadAttributes (464ms)
				ProcessInitializeOnLoadMethodAttributes (46ms)
				AfterProcessingInitializeOnLoad (6ms)
				EditorAssembliesLoaded (0ms)
			ExecutionOrderSort2 (0ms)
			AwakeInstancesAfterBackupRestoration (26ms)
Platform modules already initialized, skipping
Switching build target platform(19) subTarget(0) extendedPlatform(0) -> platform(13) subTarget(0) extendedPlatform(0)
Refreshing native plugins compatible for Editor in 0.62 ms, found 3 plugins.
Preloading 0 native plugins for Editor in 0.00 ms.
Unloading 2320 Unused Serialized files (Serialized files now loaded: 0)
Unloading 22 unused Assets / (24.6 KB). Loaded Objects now: 3072.
Memory consumption went from 124.4 MB to 124.4 MB.
Total: 4.938900 ms (FindLiveObjects: 0.290200 ms CreateObjectMapping: 0.237700 ms MarkObjects: 4.380000 ms  DeleteObjects: 0.029700 ms)

AssetImportParameters requested are different than current active one (requested -> active):
  custom:video-decoder-ogg-theora: a1e56fd34408186e4bbccfd4996cb3dc -> 
  custom:container-muxer-webm: aa71ff27fc2769a1b78a27578f13a17b -> 
  custom:container-demuxer-webm: 4f35f7cbe854078d1ac9338744f61a02 -> 
  custom:video-encoder-webm-vp8: eb34c28f22e8b96e1ab97ce403110664 -> 
  custom:video-codec-MediaFoundation-h265: 746d11721c4dcdbdad8f713fa42b33f4 -> 
  custom:audio-encoder-webm-vorbis: bf7c407c2cedff20999df2af8eb42d56 -> 
  custom:framework-win-MediaFoundation: 216162199b28c13a410421893ffa2e32 -> 
  custom:container-demuxer-ogg: 62fdf1f143b41e24485cea50d1cbac27 -> 
  custom:video-decoder-webm-vp8: 9c59270c3fd7afecdb556c50c9e8de78 -> 
  custom:audio-decoder-ogg-vorbis: bf7c407c2cedff20999df2af8eb42d56 -> 
========================================================================
Received Import Request.
  Time since last request: 1056.880090 seconds.
  path: Assets/Sprites/Stick.png
  artifactKey: Guid(85b89157d53439c42aa1bb83d5ab4814) Importer(815301076,1909f56bfc062723c751e8b465ee728b)
Start importing Assets/Sprites/Stick.png using Guid(85b89157d53439c42aa1bb83d5ab4814) Importer(815301076,1909f56bfc062723c751e8b465ee728b)  -> (artifact id: '0398306e8a5c30118d44ec17a1bfded9') in 0.104718 seconds 
========================================================================
Received Import Request.
  Time since last request: 7.865558 seconds.
  path: Assets/Sprites/Stick.png
  artifactKey: Guid(85b89157d53439c42aa1bb83d5ab4814) Importer(815301076,1909f56bfc062723c751e8b465ee728b)
Start importing Assets/Sprites/Stick.png using Guid(85b89157d53439c42aa1bb83d5ab4814) Importer(815301076,1909f56bfc062723c751e8b465ee728b)  -> (artifact id: 'c9dfa68994bf2f18bf09d50e2b44ebbf') in 0.012023 seconds 
========================================================================
Received Import Request.
  Time since last request: 5.068142 seconds.
  path: Assets/Sprites/Stick.png
  artifactKey: Guid(85b89157d53439c42aa1bb83d5ab4814) Importer(815301076,1909f56bfc062723c751e8b465ee728b)
Start importing Assets/Sprites/Stick.png using Guid(85b89157d53439c42aa1bb83d5ab4814) Importer(815301076,1909f56bfc062723c751e8b465ee728b)  -> (artifact id: '1f30fe07b3330682db9e58769f9ba3f6') in 0.012925 seconds 
